<?xml version="1.0" encoding="UTF-8"?>
<testsuites>
  <testsuite name="CodeIgniter Application Test Suite" tests="5" assertions="5" failures="1" errors="0" time="0.123275">
    <testsuite name="K2o_blog_test" file="/home/vagrant/codeigniter/application/tests/controllers/K2o_blog_test.php" tests="1" assertions="1" failures="0" errors="0" time="0.037955">
      <testcase name="test_index" class="K2o_blog_test" file="/home/vagrant/codeigniter/application/tests/controllers/K2o_blog_test.php" line="5" assertions="1" time="0.037955"/>
    </testsuite>
    <testsuite name="Welcome_test" file="/home/vagrant/codeigniter/application/tests/controllers/Welcome_test.php" tests="3" assertions="3" failures="1" errors="0" time="0.063513">
      <testcase name="test_index" class="Welcome_test" file="/home/vagrant/codeigniter/application/tests/controllers/Welcome_test.php" line="13" assertions="1" time="0.030708">
        <failure type="PHPUnit_Framework_ExpectationFailedException">Welcome_test::test_index
Failed asserting that 'Welcome/index is not found' contains "&lt;title&gt;Welcome to CodeIgniter&lt;/title&gt;".

/home/vagrant/codeigniter/application/tests/controllers/Welcome_test.php:16
/home/vagrant/codeigniter/vendor/phpunit/phpunit/phpunit:52
</failure>
      </testcase>
      <testcase name="test_method_404" class="Welcome_test" file="/home/vagrant/codeigniter/application/tests/controllers/Welcome_test.php" line="19" assertions="1" time="0.024627"/>
      <testcase name="test_APPPATH" class="Welcome_test" file="/home/vagrant/codeigniter/application/tests/controllers/Welcome_test.php" line="25" assertions="1" time="0.008178"/>
    </testsuite>
    <testsuite name="Html_helper_test" file="/home/vagrant/codeigniter/application/tests/helpers/html_helper_test.php" tests="1" assertions="1" failures="0" errors="0" time="0.021807">
      <testcase name="test_make_breadcrumb" class="Html_helper_test" file="/home/vagrant/codeigniter/application/tests/helpers/html_helper_test.php" line="12" assertions="1" time="0.021807"/>
    </testsuite>
  </testsuite>
</testsuites>
