<?xml version="1.0" encoding="UTF-8"?>
<testsuites>
  <testsuite name="CodeIgniter Application Test Suite" tests="3" assertions="3" failures="1" errors="0" time="0.005992">
    <testsuite name="Welcome_test" file="/home/vagrant/codeigniter/application/tests/controllers/Welcome_test.php" tests="3" assertions="3" failures="1" errors="0" time="0.005992">
      <testcase name="test_index" class="Welcome_test" file="/home/vagrant/codeigniter/application/tests/controllers/Welcome_test.php" line="13" assertions="1" time="0.004417">
        <failure type="PHPUnit_Framework_ExpectationFailedException">Welcome_test::test_index
Failed asserting that 'Welcome/index is not found' contains "&lt;title&gt;Welcome to CodeIgniter&lt;/title&gt;".

/home/vagrant/codeigniter/application/tests/controllers/Welcome_test.php:16
/home/vagrant/codeigniter/vendor/phpunit/phpunit/phpunit:52
</failure>
      </testcase>
      <testcase name="test_method_404" class="Welcome_test" file="/home/vagrant/codeigniter/application/tests/controllers/Welcome_test.php" line="19" assertions="1" time="0.001091"/>
      <testcase name="test_APPPATH" class="Welcome_test" file="/home/vagrant/codeigniter/application/tests/controllers/Welcome_test.php" line="25" assertions="1" time="0.000484"/>
    </testsuite>
  </testsuite>
</testsuites>
